<?xml version="1.0" encoding="UTF-8"?>
<!-- Generated by org.testng.reporters.JUnitXMLReporter -->
<testsuite ignored="0" hostname="lyess-MBP.lan" failures="7" tests="46" name="Surefire test" time="16.903" errors="0" timestamp="2021-04-09T02:08:19 CDT">
  <testcase classname="tweettest.TweetAPIClientTest" name="testUserCanTweetSuccessfully" time="2.43"/>
  <testcase classname="tweettest.TweetAPIClientTest" name="testUserCanTweetSuccessfullyAddingRandomUUID" time="0.352"/>
  <testcase classname="tweettest.TweetAPIClientTest" name="testUserCanNotTweetTheSameTweetTwiceInARow" time="0.41">
    <failure type="java.lang.AssertionError" message="1 expectation failed.
Expected status code &amp;lt;403&amp;gt; but was &amp;lt;200&amp;gt;.
">
      <![CDATA[java.lang.AssertionError: 1 expectation failed.
Expected status code <403> but was <200>.

at org.codehaus.groovy.runtime.callsite.ConstructorSite$ConstructorSiteNoUnwrap.callConstructor(ConstructorSite.java:84)
at org.codehaus.groovy.runtime.callsite.CallSiteArray.defaultCallConstructor(CallSiteArray.java:59)
at org.codehaus.groovy.runtime.callsite.AbstractCallSite.callConstructor(AbstractCallSite.java:263)
at org.codehaus.groovy.runtime.callsite.AbstractCallSite.callConstructor(AbstractCallSite.java:277)
at io.restassured.internal.ResponseSpecificationImpl$HamcrestAssertionClosure.validate(ResponseSpecificationImpl.groovy:493)
at io.restassured.internal.ResponseSpecificationImpl$HamcrestAssertionClosure$validate$1.call(Unknown Source)
at io.restassured.internal.ResponseSpecificationImpl.validateResponseIfRequired(ResponseSpecificationImpl.groovy:674)
at org.codehaus.groovy.runtime.callsite.PlainObjectMetaMethodSite.doInvoke(PlainObjectMetaMethodSite.java:43)
at org.codehaus.groovy.runtime.callsite.PogoMetaMethodSite$PogoCachedMethodSiteNoUnwrapNoCoerce.invoke(PogoMetaMethodSite.java:193)
at org.codehaus.groovy.runtime.callsite.PogoMetaMethodSite.callCurrent(PogoMetaMethodSite.java:61)
at org.codehaus.groovy.runtime.callsite.AbstractCallSite.callCurrent(AbstractCallSite.java:185)
at io.restassured.internal.ResponseSpecificationImpl.statusCode(ResponseSpecificationImpl.groovy:126)
at io.restassured.specification.ResponseSpecification$statusCode$0.callCurrent(Unknown Source)
at io.restassured.internal.ResponseSpecificationImpl.statusCode(ResponseSpecificationImpl.groovy:134)
at io.restassured.internal.ValidatableResponseOptionsImpl.statusCode(ValidatableResponseOptionsImpl.java:89)
at io.restassured.internal.ValidatableResponseImpl.super$2$statusCode(ValidatableResponseImpl.groovy)
at groovy.lang.MetaMethod.doMethodInvoke(MetaMethod.java:323)
at groovy.lang.MetaClassImpl.invokeMethod(MetaClassImpl.java:1268)
at org.codehaus.groovy.runtime.ScriptBytecodeAdapter.invokeMethodOnSuperN(ScriptBytecodeAdapter.java:144)
at io.restassured.internal.ValidatableResponseImpl.statusCode(ValidatableResponseImpl.groovy:142)
at io.restassured.internal.ValidatableResponseImpl.statusCode(ValidatableResponseImpl.groovy)
at tweettest.TweetAPIClientTest.testUserCanNotTweetTheSameTweetTwiceInARow(TweetAPIClientTest.java:47)
at java.base/java.util.ArrayList.forEach(ArrayList.java:1541)
... Removed 47 stack frames]]>
    </failure>
  </testcase> <!-- testUserCanNotTweetTheSameTweetTwiceInARow -->
  <testcase classname="tweettest.TweetAPIClientTest" name="testDeleteTweet" time="0.336"/>
  <testcase classname="tweettest.TweetAPIClientTest" name="testResponseTime" time="0.634"/>
  <testcase classname="tweettest.TweetAPIClientTest" name="testHeaderValue" time="0.328"/>
  <testcase classname="tweettest.TweetAPIClientTest" name="testPropertyFromResponse" time="0.361"/>
  <testcase classname="tweettest.TweetAPIClientTest" name="testGetAccountSettings" time="0.353"/>
  <testcase classname="tweettest.TweetAPIClientTest" name="testPostLanguage" time="0.289"/>
  <testcase classname="tweettest.TweetAPIClientTest" name="testSearchTweets" time="0.298"/>
  <testcase classname="tweettest.TweetAPIClientTest" name="testGetName" time="0.305"/>
  <testcase classname="tweettest.TweetAPIClientTest" name="testRetweet" time="0.309">
    <failure type="java.lang.AssertionError" message="expected [RT @LKhemouche: I am learning Rest API using Rest Assured and my First Tweet Same Tweet] but found [null]">
      <![CDATA[java.lang.AssertionError: expected [RT @LKhemouche: I am learning Rest API using Rest Assured and my First Tweet Same Tweet] but found [null]
at tweettest.TweetAPIClientTest.testRetweet(TweetAPIClientTest.java:126)
at java.base/java.util.ArrayList.forEach(ArrayList.java:1541)
... Removed 38 stack frames]]>
    </failure>
  </testcase> <!-- testRetweet -->
  <testcase classname="tweettest.TweetAPIClientTest" name="testUserCannotRetweetTwice" time="0.33"/>
  <testcase classname="tweettest.TweetAPIClientTest" name="testUpdateTweet" time="0.333"/>
  <testcase classname="tweettest.TweetAPIClientTest" name="testUnRetweet" time="0.31"/>
  <testcase classname="tweettest.TweetAPIClientTest" name="testGetRetweet" time="0.296">
    <failure type="java.lang.AssertionError" message="expected [RT @LKhemouche: This is the first time I tweet using Assured Rest API] but found [null]">
      <![CDATA[java.lang.AssertionError: expected [RT @LKhemouche: This is the first time I tweet using Assured Rest API] but found [null]
at tweettest.TweetAPIClientTest.testGetRetweet(TweetAPIClientTest.java:163)
at java.base/java.util.ArrayList.forEach(ArrayList.java:1541)
... Removed 38 stack frames]]>
    </failure>
  </testcase> <!-- testGetRetweet -->
  <testcase classname="tweettest.TweetAPIClientTest" name="testCreateFavoriteTweet" time="0.31"/>
  <testcase classname="tweettest.TweetAPIClientTest" name="testUserCannotCreateFavoriteTweetTwice" time="0.283"/>
  <testcase classname="tweettest.TweetAPIClientTest" name="testDestroyFavoriteTweet" time="0.319"/>
  <testcase classname="tweettest.TweetAPIClientTest" name="testLookupTweets" time="0.315"/>
  <testcase classname="tweettest.TweetAPIClientTest" name="testUserCannotDeleteMessage" time="0.276"/>
  <testcase classname="tweettest.TweetAPIClientTest" name="testGetUserTimeLine" time="0.395">
    <failure type="java.lang.AssertionError" message="Tweet did not match expected [I updated my using Assured Rest API11379117354064486411] but found [I updated my using Assured Rest API21379117354064486411]">
      <![CDATA[java.lang.AssertionError: Tweet did not match expected [I updated my using Assured Rest API11379117354064486411] but found [I updated my using Assured Rest API21379117354064486411]
at tweettest.TweetAPIClientTest.testGetUserTimeLine(TweetAPIClientTest.java:223)
at java.base/java.util.ArrayList.forEach(ArrayList.java:1541)
... Removed 36 stack frames]]>
    </failure>
  </testcase> <!-- testGetUserTimeLine -->
  <testcase classname="tweettest.TweetAPIClientTest" name="testCreateList" time="0.322"/>
  <testcase classname="tweettest.TweetAPIClientTest" name="testGetLists" time="0.319"/>
  <testcase classname="tweettest.TweetAPIClientTest" name="testCreateCollections" time="0.302"/>
  <testcase classname="tweettest.TweetAPIClientTest" name="testUserCannotGetCollections" time="0.264"/>
  <testcase classname="tweettest.TweetAPIClientTest" name="testDestroyCollections" time="0.279">
    <failure type="java.lang.NullPointerException">
      <![CDATA[java.lang.NullPointerException
at tweettest.TweetAPIClientTest.testDestroyCollections(TweetAPIClientTest.java:267)
at java.base/java.util.ArrayList.forEach(ArrayList.java:1541)
... Removed 32 stack frames]]>
    </failure>
  </testcase> <!-- testDestroyCollections -->
  <testcase classname="tweettest.TweetAPIClientTest" name="testSearchTweet" time="0.322"/>
  <testcase classname="tweettest.TweetAPIClientTest" name="testGetListMembers" time="0.29"/>
  <testcase classname="tweettest.TweetAPIClientTest" name="testGetUserTimeTweet" time="0.38">
    <failure type="java.lang.AssertionError" message="Text did not not match expected [I updated my using Assured Rest API11379117354064486411] but found [I updated my using Assured Rest API21379117354064486411]">
      <![CDATA[java.lang.AssertionError: Text did not not match expected [I updated my using Assured Rest API11379117354064486411] but found [I updated my using Assured Rest API21379117354064486411]
at tweettest.TweetAPIClientTest.testGetUserTimeTweet(TweetAPIClientTest.java:297)
at java.base/java.util.ArrayList.forEach(ArrayList.java:1541)
... Removed 36 stack frames]]>
    </failure>
  </testcase> <!-- testGetUserTimeTweet -->
  <testcase classname="tweettest.TweetAPIClientTest" name="testVerifyCredentials" time="0.293"/>
  <testcase classname="tweettest.TweetAPIClientTest" name="testGetProfileBanner" time="0.274"/>
  <testcase classname="tweettest.TweetAPIClientTest" name="testDeleteProfileBanner" time="0.286"/>
  <testcase classname="tweettest.TweetAPIClientTest" name="testCreateSearch" time="0.292"/>
  <testcase classname="tweettest.TweetAPIClientTest" name="testDeleteSearch" time="0.285"/>
  <testcase classname="tweettest.TweetAPIClientTest" name="testCannotDeleteSearchTwice" time="0.285"/>
  <testcase classname="tweettest.TweetAPIClientTest" name="testGetSubscribers" time="0.337"/>
  <testcase classname="tweettest.TweetAPIClientTest" name="testGetFriendsList" time="0.313"/>
  <testcase classname="tweettest.TweetAPIClientTest" name="testDeleteMessage" time="0.258"/>
  <testcase classname="tweettest.TweetAPIClientTest" name="testGetCustomProfiles" time="0.27"/>
  <testcase classname="tweettest.TweetAPIClientTest" name="testCannotGetCustomProfilesList" time="0.285"/>
  <testcase classname="tweettest.TweetAPIClientTest" name="testCannotDeleteCustomProfiles" time="0.284">
    <failure type="java.lang.IllegalStateException" message="Cannot invoke the path method because no content-type was present in the response and no default parser has been set.

You can specify a default parser using e.g.:
RestAssured.defaultParser = Parser.JSON;
">
      <![CDATA[java.lang.IllegalStateException: Cannot invoke the path method because no content-type was present in the response and no default parser has been set.

You can specify a default parser using e.g.:
RestAssured.defaultParser = Parser.JSON;

at org.codehaus.groovy.runtime.callsite.ConstructorSite$ConstructorSiteNoUnwrapNoCoerce.callConstructor(ConstructorSite.java:105)
at org.codehaus.groovy.runtime.callsite.CallSiteArray.defaultCallConstructor(CallSiteArray.java:59)
at org.codehaus.groovy.runtime.callsite.AbstractCallSite.callConstructor(AbstractCallSite.java:263)
at org.codehaus.groovy.runtime.callsite.AbstractCallSite.callConstructor(AbstractCallSite.java:277)
at io.restassured.internal.RestAssuredResponseOptionsGroovyImpl$_path_closure5.doCall(RestAssuredResponseOptionsGroovyImpl.groovy:406)
at io.restassured.internal.RestAssuredResponseOptionsGroovyImpl$_path_closure5.doCall(RestAssuredResponseOptionsGroovyImpl.groovy)
at groovy.lang.MetaMethod.doMethodInvoke(MetaMethod.java:323)
at org.codehaus.groovy.runtime.metaclass.ClosureMetaClass.invokeMethod(ClosureMetaClass.java:263)
at groovy.lang.MetaClassImpl.invokeMethod(MetaClassImpl.java:1035)
at org.codehaus.groovy.runtime.callsite.PogoMetaClassSite.call(PogoMetaClassSite.java:38)
at org.codehaus.groovy.runtime.callsite.CallSiteArray.defaultCall(CallSiteArray.java:47)
at org.codehaus.groovy.runtime.callsite.AbstractCallSite.call(AbstractCallSite.java:125)
at org.codehaus.groovy.runtime.callsite.AbstractCallSite.call(AbstractCallSite.java:130)
at io.restassured.internal.RestAssuredResponseOptionsGroovyImpl.findContentType(RestAssuredResponseOptionsGroovyImpl.groovy:496)
at org.codehaus.groovy.runtime.callsite.PlainObjectMetaMethodSite.doInvoke(PlainObjectMetaMethodSite.java:43)
at org.codehaus.groovy.runtime.callsite.PogoMetaMethodSite$PogoCachedMethodSiteNoUnwrapNoCoerce.invoke(PogoMetaMethodSite.java:193)
at org.codehaus.groovy.runtime.callsite.PogoMetaMethodSite.callCurrent(PogoMetaMethodSite.java:61)
at org.codehaus.groovy.runtime.callsite.AbstractCallSite.callCurrent(AbstractCallSite.java:185)
at io.restassured.internal.RestAssuredResponseOptionsGroovyImpl.path(RestAssuredResponseOptionsGroovyImpl.groovy:405)
at io.restassured.internal.RestAssuredResponseOptionsImpl.path(RestAssuredResponseOptionsImpl.java:230)
at tweettest.TweetAPIClientTest.testCannotDeleteCustomProfiles(TweetAPIClientTest.java:402)
at java.base/java.util.ArrayList.forEach(ArrayList.java:1541)
... Removed 45 stack frames]]>
    </failure>
  </testcase> <!-- testCannotDeleteCustomProfiles -->
  <testcase classname="tweettest.TweetAPIClientTest" name="testCreateFavoriteGif" time="0.31"/>
  <testcase classname="tweettest.TweetAPIClientTest" name="testUserCanBlockByScreenName" time="0.363"/>
  <testcase classname="tweettest.TweetAPIClientTest" name="testUserCanBlockById" time="0.35"/>
  <testcase classname="tweettest.TweetAPIClientTest" name="testGetBlockList" time="0.304"/>
</testsuite> <!-- Surefire test -->
